12:21:48 **** Build of configuration Debug for project TP3 ****
make all 
Building file: ../Controller.c
Invoking: GCC C Compiler
gcc -O0 -g3 -Wall -c -fmessage-length=0 -MMD -MP -MF"Controller.d" -MT"Controller.o" -o "Controller.o" "../Controller.c"
Finished building: ../Controller.c
 
Building file: ../Passenger.c
Invoking: GCC C Compiler
gcc -O0 -g3 -Wall -c -fmessage-length=0 -MMD -MP -MF"Passenger.d" -MT"Passenger.o" -o "Passenger.o" "../Passenger.c"
Finished building: ../Passenger.c
 
Building file: ../main.c
Invoking: GCC C Compiler
gcc -O0 -g3 -Wall -c -fmessage-length=0 -MMD -MP -MF"main.d" -MT"main.o" -o "main.o" "../main.c"
Finished building: ../main.c
 
Building file: ../parser.c
Invoking: GCC C Compiler
gcc -O0 -g3 -Wall -c -fmessage-length=0 -MMD -MP -MF"parser.d" -MT"parser.o" -o "parser.o" "../parser.c"
Finished building: ../parser.c
 
Building target: TP3
Invoking: MacOS X C Linker
gcc  -o "TP3"  ./Controller.o ./Passenger.o ./main.o ./parser.o   /Users/dario/Documents/eclipse_tp3_v4/eclipse_tp3_v4/tp3_mac/LinkedList.a
Finished building target: TP3
 
12:21:54 **** Incremental Build of configuration Debug for project TP3 ****
make all 
make: Nothing to be done for `all'.
12:22:09 **** Incremental Build of configuration Debug for project TP3 ****
make all 
Building file: ../main.c
Invoking: GCC C Compiler
gcc -O0 -g3 -Wall -c -fmessage-length=0 -MMD -MP -MF"main.d" -MT"main.o" -o "main.o" "../main.c"
Finished building: ../main.c
 
Building target: TP3
Invoking: MacOS X C Linker
gcc  -o "TP3"  ./Controller.o ./Passenger.o ./main.o ./parser.o   /Users/dario/Documents/eclipse_tp3_v4/eclipse_tp3_v4/tp3_mac/LinkedList.a
Finished building target: TP3
 
12:22:12 **** Incremental Build of configuration Debug for project TP3 ****
make all 
make: Nothing to be done for `all'.
12:26:18 **** Incremental Build of configuration Debug for project TP3 ****
make all 
Building file: ../main.c
Invoking: GCC C Compiler
gcc -O0 -g3 -Wall -c -fmessage-length=0 -MMD -MP -MF"main.d" -MT"main.o" -o "main.o" "../main.c"
Finished building: ../main.c
 
Building target: TP3
Invoking: MacOS X C Linker
gcc  -o "TP3"  ./Controller.o ./Passenger.o ./main.o ./parser.o   /Users/dario/Documents/eclipse_tp3_v4/eclipse_tp3_v4/tp3_mac/LinkedList.a
Finished building target: TP3
 
12:26:20 **** Incremental Build of configuration Debug for project TP3 ****
make all 
make: Nothing to be done for `all'.
12:26:48 **** Incremental Build of configuration Debug for project TP3 ****
make all 
Building file: ../main.c
Invoking: GCC C Compiler
gcc -O0 -g3 -Wall -c -fmessage-length=0 -MMD -MP -MF"main.d" -MT"main.o" -o "main.o" "../main.c"
Finished building: ../main.c
 
Building target: TP3
Invoking: MacOS X C Linker
gcc  -o "TP3"  ./Controller.o ./Passenger.o ./main.o ./parser.o   /Users/dario/Documents/eclipse_tp3_v4/eclipse_tp3_v4/tp3_mac/LinkedList.a
Finished building target: TP3
 
12:26:50 **** Incremental Build of configuration Debug for project TP3 ****
make all 
make: Nothing to be done for `all'.
